c:\users\nadav\source\repos\project_10010_03\project_10010_03\debug\vc141.pdb
c:\users\nadav\source\repos\project_10010_03\project_10010_03\debug\vc141.idb
c:\users\nadav\source\repos\project_10010_03\project_10010_03\debug\supermarket.obj
c:\users\nadav\source\repos\project_10010_03\project_10010_03\debug\shoppingitem.obj
c:\users\nadav\source\repos\project_10010_03\project_10010_03\debug\shoppingcart.obj
c:\users\nadav\source\repos\project_10010_03\project_10010_03\debug\product.obj
c:\users\nadav\source\repos\project_10010_03\project_10010_03\debug\main.obj
c:\users\nadav\source\repos\project_10010_03\project_10010_03\debug\listgen.obj
c:\users\nadav\source\repos\project_10010_03\project_10010_03\debug\general.obj
c:\users\nadav\source\repos\project_10010_03\project_10010_03\debug\customer.obj
c:\users\nadav\source\repos\project_10010_03\project_10010_03\debug\address.obj
c:\users\nadav\source\repos\project_10010_03\debug\project_10010_03.exe
c:\users\nadav\source\repos\project_10010_03\debug\project_10010_03.ilk
c:\users\nadav\source\repos\project_10010_03\debug\project_10010_03.pdb
c:\users\nadav\source\repos\project_10010_03\project_10010_03\debug\project_10010_03.tlog\cl.command.1.tlog
c:\users\nadav\source\repos\project_10010_03\project_10010_03\debug\project_10010_03.tlog\cl.read.1.tlog
c:\users\nadav\source\repos\project_10010_03\project_10010_03\debug\project_10010_03.tlog\cl.write.1.tlog
c:\users\nadav\source\repos\project_10010_03\project_10010_03\debug\project_10010_03.tlog\link.command.1.tlog
c:\users\nadav\source\repos\project_10010_03\project_10010_03\debug\project_10010_03.tlog\link.read.1.tlog
c:\users\nadav\source\repos\project_10010_03\project_10010_03\debug\project_10010_03.tlog\link.write.1.tlog
